<?xml version="1.0" encoding="UTF-8"?>
<!-- Generated by org.testng.reporters.JUnitXMLReporter -->
<testsuite ignored="0" hostname="Shreeya-PC" failures="2" tests="2" name="Test" time="25.668" errors="0" timestamp="2022-09-20T14:16:03 IST">
  <testcase classname="Tempack1.TestNG2Cricc" name="teamsArchives" time="9.125">
    <failure type="java.lang.AssertionError" message="expected [https://www.cricbuzz.com/crcket-team] but found [https://www.cricbuzz.com/cricket-team]">
      <![CDATA[java.lang.AssertionError: expected [https://www.cricbuzz.com/crcket-team] but found [https://www.cricbuzz.com/cricket-team]
at Tempack1.TestNG2Cricc.teamsArchives(TestNG2Cricc.java:82)
at java.base/java.util.ArrayList.forEach(ArrayList.java:1511)
at java.base/java.util.concurrent.FutureTask.run(FutureTask.java:264)
at java.base/java.util.concurrent.ThreadPoolExecutor.runWorker(ThreadPoolExecutor.java:1136)
at java.base/java.util.concurrent.ThreadPoolExecutor$Worker.run(ThreadPoolExecutor.java:635)
at java.base/java.lang.Thread.run(Thread.java:833)
... Removed 22 stack frames]]>
    </failure>
  </testcase> <!-- teamsArchives -->
  <testcase classname="Tempack1.TestNG2Cricc" name="test1" time="3.409">
    <failure type="java.lang.AssertionError" message="expected [https://www.crcbuzz.com/cricket-match/live-scores] but found [https://www.cricbuzz.com/cricket-match/live-scores]">
      <![CDATA[java.lang.AssertionError: expected [https://www.crcbuzz.com/cricket-match/live-scores] but found [https://www.cricbuzz.com/cricket-match/live-scores]
at Tempack1.TestNG2Cricc.test1(TestNG2Cricc.java:91)
at java.base/java.util.ArrayList.forEach(ArrayList.java:1511)
at java.base/java.util.concurrent.FutureTask.run(FutureTask.java:264)
at java.base/java.util.concurrent.ThreadPoolExecutor.runWorker(ThreadPoolExecutor.java:1136)
at java.base/java.util.concurrent.ThreadPoolExecutor$Worker.run(ThreadPoolExecutor.java:635)
at java.base/java.lang.Thread.run(Thread.java:833)
... Removed 22 stack frames]]>
    </failure>
  </testcase> <!-- test1 -->
</testsuite> <!-- Test -->
