<?xml version="1.0" encoding="UTF-8"?>
<!-- Generated by org.testng.reporters.JUnitXMLReporter -->
<testsuite ignored="0" hostname="Shreeya-PC" failures="0" tests="4" name="Test12" time="0.484" errors="0" timestamp="2022-09-19T16:04:28 IST">
  <testcase classname="Tempack1.TestNG2Cricc" name="@BeforeTest launchbrowser" time="0.259">
    <failure type="java.lang.IllegalStateException" message="The path to the driver executable must be set by the webdriver.gecko.driver system property; for more information, see https://github.com/mozilla/geckodriver. The latest version can be downloaded from https://github.com/mozilla/geckodriver/releases">
      <![CDATA[java.lang.IllegalStateException: The path to the driver executable must be set by the webdriver.gecko.driver system property; for more information, see https://github.com/mozilla/geckodriver. The latest version can be downloaded from https://github.com/mozilla/geckodriver/releases
at com.google.common.base.Preconditions.checkState(Preconditions.java:847)
at org.openqa.selenium.remote.service.DriverService.findExecutable(DriverService.java:134)
at org.openqa.selenium.firefox.GeckoDriverService.access$100(GeckoDriverService.java:44)
at org.openqa.selenium.firefox.GeckoDriverService$Builder.findDefaultExecutable(GeckoDriverService.java:167)
at org.openqa.selenium.remote.service.DriverService$Builder.build(DriverService.java:355)
at org.openqa.selenium.firefox.FirefoxDriver.toExecutor(FirefoxDriver.java:190)
at org.openqa.selenium.firefox.FirefoxDriver.<init>(FirefoxDriver.java:147)
at org.openqa.selenium.firefox.FirefoxDriver.<init>(FirefoxDriver.java:125)
at Tempack1.TestNG2Cricc.launchbrowser(TestNG2Cricc.java:41)
at java.base/java.util.concurrent.FutureTask.run(FutureTask.java:264)
at java.base/java.util.concurrent.ThreadPoolExecutor.runWorker(ThreadPoolExecutor.java:1136)
at java.base/java.util.concurrent.ThreadPoolExecutor$Worker.run(ThreadPoolExecutor.java:635)
at java.base/java.lang.Thread.run(Thread.java:833)
... Removed 13 stack frames]]>
    </failure>
  </testcase> <!-- @BeforeTest launchbrowser -->
  <testcase classname="Tempack1.TestNGCri" name="@BeforeTest launchbrowser" time="-1.663583668566E9">
    <skipped/>
  </testcase> <!-- @BeforeTest launchbrowser -->
  <testcase classname="Tempack1.TestNGCri" name="@BeforeClass creatPOMObject" time="-1.663583668591E9">
    <skipped/>
  </testcase> <!-- @BeforeClass creatPOMObject -->
  <testcase classname="Tempack1.TestNGCri" name="@AfterClass clenPOMObject" time="-1.663583668636E9">
    <skipped/>
  </testcase> <!-- @AfterClass clenPOMObject -->
  <testcase classname="Tempack1.TestNG2Cricc" name="@BeforeClass criccbuzzUrlLaunch" time="-1.663583668676E9">
    <skipped/>
  </testcase> <!-- @BeforeClass criccbuzzUrlLaunch -->
  <testcase classname="Tempack1.TestNG2Cricc" name="@AfterClass clenPOMObject" time="-1.663583668719E9">
    <skipped/>
  </testcase> <!-- @AfterClass clenPOMObject -->
  <testcase classname="Tempack1.TestNG2Cricc" name="@AfterTest afterClass" time="-1.663583668729E9">
    <skipped/>
  </testcase> <!-- @AfterTest afterClass -->
  <testcase classname="Tempack1.TestNGCri" name="@AfterTest afterClass" time="-1.663583668738E9">
    <skipped/>
  </testcase> <!-- @AfterTest afterClass -->
  <testcase classname="Tempack1.TestNGCri" name="test" time="0.0">
    <skipped/>
  </testcase> <!-- test -->
  <testcase classname="Tempack1.TestNGCri" name="test1" time="0.0">
    <skipped/>
  </testcase> <!-- test1 -->
  <testcase classname="Tempack1.TestNG2Cricc" name="teamsArchives" time="0.0">
    <skipped/>
  </testcase> <!-- teamsArchives -->
  <testcase classname="Tempack1.TestNG2Cricc" name="test1" time="0.0">
    <skipped/>
  </testcase> <!-- test1 -->
</testsuite> <!-- Test12 -->
